2021-01-16 23:57:11.006  INFO - [restartedMain        ] x.z.study.camunda.app.CamundaAppApplication        : Starting CamundaAppApplication on DESKTOP-A4JI01G with PID 2060 (D:\code\java\study\camunda\app\target\classes started by mir22 in D:\code\java\study)
2021-01-16 23:57:11.010  INFO - [restartedMain        ] x.z.study.camunda.app.CamundaAppApplication        : The following profiles are active: dev
2021-01-16 23:57:11.347  INFO - [restartedMain        ] o.s.b.d.env.DevToolsPropertyDefaultsPostProcessor  : Devtools property defaults active! Set 'spring.devtools.add-properties' to 'false' to disable
2021-01-16 23:57:11.348  INFO - [restartedMain        ] o.s.b.d.env.DevToolsPropertyDefaultsPostProcessor  : For additional web related logging consider setting the 'logging.level.web' property to 'DEBUG'
2021-01-16 23:57:13.399  WARN - [restartedMain        ] org.mybatis.spring.mapper.ClassPathMapperScanner   : No MyBatis mapper was found in '[xyz.zhangbohan.study.camunda.app]' package. Please check your configuration.
2021-01-16 23:57:14.229  INFO - [restartedMain        ] o.s.boot.web.embedded.tomcat.TomcatWebServer       : Tomcat initialized with port(s): 8082 (http)
2021-01-16 23:57:14.246  INFO - [restartedMain        ] org.apache.coyote.http11.Http11NioProtocol         : Initializing ProtocolHandler ["http-nio-8082"]
2021-01-16 23:57:14.256  INFO - [restartedMain        ] org.apache.catalina.core.StandardService           : Starting service [Tomcat]
2021-01-16 23:57:14.256  INFO - [restartedMain        ] org.apache.catalina.core.StandardEngine            : Starting Servlet engine: [Apache Tomcat/9.0.14]
2021-01-16 23:57:14.263  INFO - [restartedMain        ] org.apache.catalina.core.AprLifecycleListener      : The APR based Apache Tomcat Native library which allows optimal performance in production environments was not found on the java.library.path: [D:\Java\jdk1.8.0_181\bin;C:\Windows\Sun\Java\bin;C:\Windows\system32;C:\Windows;C:\Program Files (x86)\NetSarang\Xftp 6\;C:\Program Files (x86)\NetSarang\Xshell 6\;C:\Program Files (x86)\Intel\iCLS Client\;C:\Program Files\Intel\iCLS Client\;C:\Windows\system32;C:\Windows;C:\Windows\System32\Wbem;C:\Windows\System32\WindowsPowerShell\v1.0\;C:\Windows\System32\OpenSSH\;D:\Go\bin;d:\LLVM\bin;D:\nodejs\;D:\CMake\bin;C:\Program Files (x86)\Intel\Intel(R) Management Engine Components\DAL;C:\Program Files\Intel\Intel(R) Management Engine Components\DAL;C:\Program Files (x86)\Intel\Intel(R) Management Engine Components\IPT;C:\Program Files\Intel\Intel(R) Management Engine Components\IPT;D:\Java\jdk1.8.0_181\bin;C:\Program Files\Git\cmd;C:\Program Files\apache-maven-3.6.3\bin;D:\python\Python37\Scripts\;D:\python\Python37\;C:\Users\mir22\AppData\Local\Microsoft\WindowsApps;C:\Users\mir22\go\bin;C:\Users\mir22\AppData\Roaming\npm;d:\Microsoft VS Code\bin;C:\Program Files\Bandizip\;d:\Program Files (x86)\Nmap;.]
2021-01-16 23:57:14.402  INFO - [restartedMain        ] o.a.c.core.ContainerBase.[Tomcat].[localhost].[/]  : Initializing Spring embedded WebApplicationContext
2021-01-16 23:57:14.402  INFO - [restartedMain        ] org.springframework.web.context.ContextLoader      : Root WebApplicationContext: initialization completed in 3054 ms
2021-01-16 23:57:14.759  INFO - [restartedMain        ] o.s.scheduling.concurrent.ThreadPoolTaskExecutor   : Initializing ExecutorService 'applicationTaskExecutor'
2021-01-16 23:57:15.096  INFO - [restartedMain        ] c.a.d.s.b.a.DruidDataSourceAutoConfigure           : Init DruidDataSource
2021-01-16 23:57:15.194  INFO - [restartedMain        ] com.alibaba.druid.pool.DruidDataSource             : {dataSource-1} inited
2021-01-16 23:57:15.421  INFO - [restartedMain        ] o.s.b.d.autoconfigure.OptionalLiveReloadServer     : LiveReload server is running on port 35729
2021-01-16 23:57:15.471  INFO - [restartedMain        ] org.apache.coyote.http11.Http11NioProtocol         : Starting ProtocolHandler ["http-nio-8082"]
2021-01-16 23:57:15.501  INFO - [restartedMain        ] o.s.boot.web.embedded.tomcat.TomcatWebServer       : Tomcat started on port(s): 8082 (http) with context path ''
2021-01-16 23:57:15.507  INFO - [restartedMain        ] x.z.study.camunda.app.CamundaAppApplication        : Started CamundaAppApplication in 5.376 seconds (JVM running for 7.093)
2021-01-16 23:58:59.054  INFO - [restartedMain        ] x.z.study.camunda.app.CamundaAppApplication        : Starting CamundaAppApplication on DESKTOP-A4JI01G with PID 22628 (D:\code\java\study\camunda\app\target\classes started by mir22 in D:\code\java\study)
2021-01-16 23:58:59.057  INFO - [restartedMain        ] x.z.study.camunda.app.CamundaAppApplication        : The following profiles are active: dev
2021-01-16 23:58:59.160  INFO - [restartedMain        ] o.s.b.d.env.DevToolsPropertyDefaultsPostProcessor  : Devtools property defaults active! Set 'spring.devtools.add-properties' to 'false' to disable
2021-01-16 23:58:59.160  INFO - [restartedMain        ] o.s.b.d.env.DevToolsPropertyDefaultsPostProcessor  : For additional web related logging consider setting the 'logging.level.web' property to 'DEBUG'
2021-01-16 23:59:00.988  WARN - [restartedMain        ] org.mybatis.spring.mapper.ClassPathMapperScanner   : No MyBatis mapper was found in '[xyz.zhangbohan.study.camunda.app]' package. Please check your configuration.
2021-01-16 23:59:01.918  INFO - [restartedMain        ] o.s.boot.web.embedded.tomcat.TomcatWebServer       : Tomcat initialized with port(s): 8082 (http)
2021-01-16 23:59:01.933  INFO - [restartedMain        ] org.apache.coyote.http11.Http11NioProtocol         : Initializing ProtocolHandler ["http-nio-8082"]
2021-01-16 23:59:01.941  INFO - [restartedMain        ] org.apache.catalina.core.StandardService           : Starting service [Tomcat]
2021-01-16 23:59:01.941  INFO - [restartedMain        ] org.apache.catalina.core.StandardEngine            : Starting Servlet engine: [Apache Tomcat/9.0.14]
2021-01-16 23:59:01.947  INFO - [restartedMain        ] org.apache.catalina.core.AprLifecycleListener      : The APR based Apache Tomcat Native library which allows optimal performance in production environments was not found on the java.library.path: [D:\Java\jdk1.8.0_181\bin;C:\Windows\Sun\Java\bin;C:\Windows\system32;C:\Windows;C:\Program Files (x86)\NetSarang\Xftp 6\;C:\Program Files (x86)\NetSarang\Xshell 6\;C:\Program Files (x86)\Intel\iCLS Client\;C:\Program Files\Intel\iCLS Client\;C:\Windows\system32;C:\Windows;C:\Windows\System32\Wbem;C:\Windows\System32\WindowsPowerShell\v1.0\;C:\Windows\System32\OpenSSH\;D:\Go\bin;d:\LLVM\bin;D:\nodejs\;D:\CMake\bin;C:\Program Files (x86)\Intel\Intel(R) Management Engine Components\DAL;C:\Program Files\Intel\Intel(R) Management Engine Components\DAL;C:\Program Files (x86)\Intel\Intel(R) Management Engine Components\IPT;C:\Program Files\Intel\Intel(R) Management Engine Components\IPT;D:\Java\jdk1.8.0_181\bin;C:\Program Files\Git\cmd;C:\Program Files\apache-maven-3.6.3\bin;D:\python\Python37\Scripts\;D:\python\Python37\;C:\Users\mir22\AppData\Local\Microsoft\WindowsApps;C:\Users\mir22\go\bin;C:\Users\mir22\AppData\Roaming\npm;d:\Microsoft VS Code\bin;C:\Program Files\Bandizip\;d:\Program Files (x86)\Nmap;.]
2021-01-16 23:59:02.080  INFO - [restartedMain        ] o.a.c.core.ContainerBase.[Tomcat].[localhost].[/]  : Initializing Spring embedded WebApplicationContext
2021-01-16 23:59:02.080  INFO - [restartedMain        ] org.springframework.web.context.ContextLoader      : Root WebApplicationContext: initialization completed in 2920 ms
2021-01-16 23:59:02.387  INFO - [restartedMain        ] o.s.scheduling.concurrent.ThreadPoolTaskExecutor   : Initializing ExecutorService 'applicationTaskExecutor'
2021-01-16 23:59:03.121  INFO - [restartedMain        ] c.a.d.s.b.a.DruidDataSourceAutoConfigure           : Init DruidDataSource
2021-01-16 23:59:03.220  INFO - [restartedMain        ] com.alibaba.druid.pool.DruidDataSource             : {dataSource-1} inited
2021-01-16 23:59:03.428  INFO - [restartedMain        ] o.s.b.d.autoconfigure.OptionalLiveReloadServer     : LiveReload server is running on port 35729
2021-01-16 23:59:03.468  INFO - [restartedMain        ] org.apache.coyote.http11.Http11NioProtocol         : Starting ProtocolHandler ["http-nio-8082"]
2021-01-16 23:59:03.496  INFO - [restartedMain        ] o.s.boot.web.embedded.tomcat.TomcatWebServer       : Tomcat started on port(s): 8082 (http) with context path ''
2021-01-16 23:59:03.499  INFO - [restartedMain        ] x.z.study.camunda.app.CamundaAppApplication        : Started CamundaAppApplication in 5.37 seconds (JVM running for 7.132)
