2021-01-16 23:56:21.332  INFO - [restartedMain        ] x.z.study.camunda.app.CamundaAppApplication        : Starting CamundaAppApplication on DESKTOP-A4JI01G with PID 19792 (D:\code\java\study\camunda\app\target\classes started by mir22 in D:\code\java\study)
2021-01-16 23:56:21.335  INFO - [restartedMain        ] x.z.study.camunda.app.CamundaAppApplication        : The following profiles are active: dev
2021-01-16 23:56:21.440  INFO - [restartedMain        ] o.s.b.d.env.DevToolsPropertyDefaultsPostProcessor  : Devtools property defaults active! Set 'spring.devtools.add-properties' to 'false' to disable
2021-01-16 23:56:21.441  INFO - [restartedMain        ] o.s.b.d.env.DevToolsPropertyDefaultsPostProcessor  : For additional web related logging consider setting the 'logging.level.web' property to 'DEBUG'
2021-01-16 23:56:22.659  WARN - [restartedMain        ] org.mybatis.spring.mapper.ClassPathMapperScanner   : No MyBatis mapper was found in '[xyz.zhangbohan.study.camunda.app]' package. Please check your configuration.
2021-01-16 23:56:24.686  INFO - [restartedMain        ] o.s.boot.web.embedded.tomcat.TomcatWebServer       : Tomcat initialized with port(s): 8051 (http)
2021-01-16 23:56:24.756  INFO - [restartedMain        ] org.apache.coyote.http11.Http11NioProtocol         : Initializing ProtocolHandler ["http-nio-8051"]
2021-01-16 23:56:24.780  INFO - [restartedMain        ] org.apache.catalina.core.StandardService           : Starting service [Tomcat]
2021-01-16 23:56:24.782  INFO - [restartedMain        ] org.apache.catalina.core.StandardEngine            : Starting Servlet engine: [Apache Tomcat/9.0.14]
2021-01-16 23:56:24.825  INFO - [restartedMain        ] org.apache.catalina.core.AprLifecycleListener      : The APR based Apache Tomcat Native library which allows optimal performance in production environments was not found on the java.library.path: [D:\Java\jdk1.8.0_181\bin;C:\Windows\Sun\Java\bin;C:\Windows\system32;C:\Windows;C:\Program Files (x86)\NetSarang\Xftp 6\;C:\Program Files (x86)\NetSarang\Xshell 6\;C:\Program Files (x86)\Intel\iCLS Client\;C:\Program Files\Intel\iCLS Client\;C:\Windows\system32;C:\Windows;C:\Windows\System32\Wbem;C:\Windows\System32\WindowsPowerShell\v1.0\;C:\Windows\System32\OpenSSH\;D:\Go\bin;d:\LLVM\bin;D:\nodejs\;D:\CMake\bin;C:\Program Files (x86)\Intel\Intel(R) Management Engine Components\DAL;C:\Program Files\Intel\Intel(R) Management Engine Components\DAL;C:\Program Files (x86)\Intel\Intel(R) Management Engine Components\IPT;C:\Program Files\Intel\Intel(R) Management Engine Components\IPT;D:\Java\jdk1.8.0_181\bin;C:\Program Files\Git\cmd;C:\Program Files\apache-maven-3.6.3\bin;D:\python\Python37\Scripts\;D:\python\Python37\;C:\Users\mir22\AppData\Local\Microsoft\WindowsApps;C:\Users\mir22\go\bin;C:\Users\mir22\AppData\Roaming\npm;d:\Microsoft VS Code\bin;C:\Program Files\Bandizip\;d:\Program Files (x86)\Nmap;.]
2021-01-16 23:56:25.097  INFO - [restartedMain        ] o.a.c.core.ContainerBase.[Tomcat].[localhost].[/]  : Initializing Spring embedded WebApplicationContext
2021-01-16 23:56:25.097  INFO - [restartedMain        ] org.springframework.web.context.ContextLoader      : Root WebApplicationContext: initialization completed in 3655 ms
2021-01-16 23:56:25.512  INFO - [restartedMain        ] o.s.scheduling.concurrent.ThreadPoolTaskExecutor   : Initializing ExecutorService 'applicationTaskExecutor'
2021-01-16 23:56:25.695  INFO - [restartedMain        ] c.a.d.s.b.a.DruidDataSourceAutoConfigure           : Init DruidDataSource
2021-01-16 23:56:25.819  INFO - [restartedMain        ] com.alibaba.druid.pool.DruidDataSource             : {dataSource-1} inited
2021-01-16 23:56:26.086  INFO - [restartedMain        ] o.s.b.d.autoconfigure.OptionalLiveReloadServer     : LiveReload server is running on port 35729
2021-01-16 23:56:26.122  INFO - [restartedMain        ] org.apache.coyote.http11.Http11NioProtocol         : Starting ProtocolHandler ["http-nio-8051"]
2021-01-16 23:56:26.136 ERROR - [restartedMain        ] org.apache.catalina.util.LifecycleBase             : Failed to start component [Connector[HTTP/1.1-8051]]
org.apache.catalina.LifecycleException: Protocol handler start failed
	at org.apache.catalina.connector.Connector.startInternal(Connector.java:1004)
	at org.apache.catalina.util.LifecycleBase.start(LifecycleBase.java:183)
	at org.apache.catalina.core.StandardService.addConnector(StandardService.java:226)
	at org.springframework.boot.web.embedded.tomcat.TomcatWebServer.addPreviouslyRemovedConnectors(TomcatWebServer.java:259)
	at org.springframework.boot.web.embedded.tomcat.TomcatWebServer.start(TomcatWebServer.java:197)
	at org.springframework.boot.web.servlet.context.ServletWebServerApplicationContext.startWebServer(ServletWebServerApplicationContext.java:311)
	at org.springframework.boot.web.servlet.context.ServletWebServerApplicationContext.finishRefresh(ServletWebServerApplicationContext.java:164)
	at org.springframework.context.support.AbstractApplicationContext.refresh(AbstractApplicationContext.java:549)
	at org.springframework.boot.web.servlet.context.ServletWebServerApplicationContext.refresh(ServletWebServerApplicationContext.java:142)
	at org.springframework.boot.SpringApplication.refresh(SpringApplication.java:775)
	at org.springframework.boot.SpringApplication.refreshContext(SpringApplication.java:397)
	at org.springframework.boot.SpringApplication.run(SpringApplication.java:316)
	at org.springframework.boot.SpringApplication.run(SpringApplication.java:1260)
	at org.springframework.boot.SpringApplication.run(SpringApplication.java:1248)
	at xyz.zhangbohan.study.camunda.app.CamundaAppApplication.main(CamundaAppApplication.java:19)
	at sun.reflect.NativeMethodAccessorImpl.invoke0(Native Method)
	at sun.reflect.NativeMethodAccessorImpl.invoke(NativeMethodAccessorImpl.java:62)
	at sun.reflect.DelegatingMethodAccessorImpl.invoke(DelegatingMethodAccessorImpl.java:43)
	at java.lang.reflect.Method.invoke(Method.java:498)
	at org.springframework.boot.devtools.restart.RestartLauncher.run(RestartLauncher.java:49)
Caused by: java.net.BindException: Address already in use: bind
	at sun.nio.ch.Net.bind0(Native Method)
	at sun.nio.ch.Net.bind(Net.java:433)
	at sun.nio.ch.Net.bind(Net.java:425)
	at sun.nio.ch.ServerSocketChannelImpl.bind(ServerSocketChannelImpl.java:223)
	at sun.nio.ch.ServerSocketAdaptor.bind(ServerSocketAdaptor.java:74)
	at org.apache.tomcat.util.net.NioEndpoint.initServerSocket(NioEndpoint.java:236)
	at org.apache.tomcat.util.net.NioEndpoint.bind(NioEndpoint.java:210)
	at org.apache.tomcat.util.net.AbstractEndpoint.bindWithCleanup(AbstractEndpoint.java:1085)
	at org.apache.tomcat.util.net.AbstractEndpoint.start(AbstractEndpoint.java:1171)
	at org.apache.coyote.AbstractProtocol.start(AbstractProtocol.java:568)
	at org.apache.catalina.connector.Connector.startInternal(Connector.java:1001)
	... 19 common frames omitted
2021-01-16 23:56:26.142  INFO - [restartedMain        ] org.apache.coyote.http11.Http11NioProtocol         : Pausing ProtocolHandler ["http-nio-8051"]
2021-01-16 23:56:26.142  INFO - [restartedMain        ] org.apache.catalina.core.StandardService           : Stopping service [Tomcat]
2021-01-16 23:56:26.149  INFO - [restartedMain        ] org.apache.catalina.util.LifecycleBase             : The stop() method was called on component [StandardServer[-1]] after stop() had already been called. The second call will be ignored.
2021-01-16 23:56:26.149  INFO - [restartedMain        ] org.apache.coyote.http11.Http11NioProtocol         : Stopping ProtocolHandler ["http-nio-8051"]
2021-01-16 23:56:26.149  INFO - [restartedMain        ] org.apache.coyote.http11.Http11NioProtocol         : Destroying ProtocolHandler ["http-nio-8051"]
2021-01-16 23:56:26.152  INFO - [restartedMain        ] o.s.b.a.l.ConditionEvaluationReportLoggingListener : 

Error starting ApplicationContext. To display the conditions report re-run your application with 'debug' enabled.
2021-01-16 23:56:26.159 ERROR - [restartedMain        ] o.s.b.diagnostics.LoggingFailureAnalysisReporter   : 

***************************
APPLICATION FAILED TO START
***************************

Description:

The Tomcat connector configured to listen on port 8051 failed to start. The port may already be in use or the connector may be misconfigured.

Action:

Verify the connector's configuration, identify and stop any process that's listening on port 8051, or configure this application to listen on another port.

2021-01-16 23:56:26.162  INFO - [restartedMain        ] com.alibaba.druid.pool.DruidDataSource             : {dataSource-1} closed
2021-01-16 23:56:26.163  INFO - [restartedMain        ] o.s.scheduling.concurrent.ThreadPoolTaskExecutor   : Shutting down ExecutorService 'applicationTaskExecutor'
